{"uuid":"591aa99e-5b2f-463b-b07e-1ef8cd7ab5ba","historyId":"fd3b74f7933be74ab738c54d903f9861","fullName":"com.automationexercise.TestScript.AddToCartTest.verifyAddToCartAndCheckoutFlow","labels":[{"name":"package","value":"com.automationexercise.TestScript.AddToCartTest"},{"name":"testClass","value":"com.automationexercise.TestScript.AddToCartTest"},{"name":"testMethod","value":"verifyAddToCartAndCheckoutFlow"},{"name":"parentSuite","value":"Regressiontestsuite"},{"name":"suite","value":"Regression Tests"},{"name":"subSuite","value":"com.automationexercise.TestScript.AddToCartTest"},{"name":"host","value":"Mac.lan"},{"name":"thread","value":"3721@Mac.lan.main(3)"},{"name":"framework","value":"testng"},{"name":"language","value":"java"}],"links":[],"name":"Verify user can add product to cart and place order successfully","status":"failed","statusDetails":{"known":false,"muted":false,"flaky":false,"message":"Exception occurred during test execution","trace":"java.lang.AssertionError: Exception occurred during test execution\n\tat org.testng.Assert.fail(Assert.java:99)\n\tat com.automationexercise.TestScript.AddToCartTest.verifyAddToCartAndCheckoutFlow(AddToCartTest.java:72)\n\tat java.base/jdk.internal.reflect.DirectMethodHandleAccessor.invoke(DirectMethodHandleAccessor.java:104)\n\tat java.base/java.lang.reflect.Method.invoke(Method.java:565)\n\tat org.testng.internal.invokers.MethodInvocationHelper.invokeMethod(MethodInvocationHelper.java:141)\n\tat org.testng.internal.invokers.TestInvoker.invokeMethod(TestInvoker.java:697)\n\tat org.testng.internal.invokers.TestInvoker.invokeTestMethod(TestInvoker.java:230)\n\tat org.testng.internal.invokers.MethodRunner.runInSequence(MethodRunner.java:63)\n\tat org.testng.internal.invokers.TestInvoker$MethodInvocationAgent.invoke(TestInvoker.java:1005)\n\tat org.testng.internal.invokers.TestInvoker.invokeTestMethods(TestInvoker.java:203)\n\tat org.testng.internal.invokers.TestMethodWorker.invokeTestMethods(TestMethodWorker.java:154)\n\tat org.testng.internal.invokers.TestMethodWorker.run(TestMethodWorker.java:134)\n\tat java.base/java.util.ArrayList.forEach(ArrayList.java:1604)\n\tat org.testng.TestRunner.privateRun(TestRunner.java:744)\n\tat org.testng.TestRunner.run(TestRunner.java:616)\n\tat org.testng.SuiteRunner.runTest(SuiteRunner.java:421)\n\tat org.testng.SuiteRunner.runSequentially(SuiteRunner.java:413)\n\tat org.testng.SuiteRunner.privateRun(SuiteRunner.java:373)\n\tat org.testng.SuiteRunner.run(SuiteRunner.java:312)\n\tat org.testng.SuiteRunnerWorker.runSuite(SuiteRunnerWorker.java:52)\n\tat org.testng.SuiteRunnerWorker.run(SuiteRunnerWorker.java:95)\n\tat org.testng.TestNG.runSuitesSequentially(TestNG.java:1274)\n\tat org.testng.TestNG.runSuitesLocally(TestNG.java:1208)\n\tat org.testng.TestNG.runSuites(TestNG.java:1112)\n\tat org.testng.TestNG.run(TestNG.java:1079)\n\tat org.testng.remote.AbstractRemoteTestNG.run(AbstractRemoteTestNG.java:115)\n\tat org.testng.remote.RemoteTestNG.initAndRun(RemoteTestNG.java:293)\n\tat org.testng.remote.RemoteTestNG.main(RemoteTestNG.java:91)\nCaused by: java.lang.IllegalArgumentException: Keys to send should be a not null CharSequence\n\tat org.openqa.selenium.remote.RemoteWebElement.sendKeys(RemoteWebElement.java:96)\n\tat com.automationexercise.pages.CheckoutPage.placeOrder(CheckoutPage.java:43)\n\tat com.automationexercise.TestScript.AddToCartTest.verifyAddToCartAndCheckoutFlow(AddToCartTest.java:53)\n\t... 26 more\n"},"stage":"finished","steps":[],"attachments":[],"parameters":[],"start":1770614559568,"stop":1770614574100}