<?xml version="1.0" encoding="UTF-8"?>
<testng-results ignored="0" total="2" passed="2" failed="0" skipped="0">
  <reporter-output>
  </reporter-output>
  <suite started-at="2026-02-09T14:44:02 IST" name="Regressiontestsuite" finished-at="2026-02-09T14:44:50 IST" duration-ms="47944">
    <groups>
    </groups>
    <test started-at="2026-02-09T14:44:02 IST" name="Regression Tests" finished-at="2026-02-09T14:44:50 IST" duration-ms="47944">
      <class name="com.automationexercise.TestScript.AddToCartTest">
        <test-method is-config="true" signature="SetupBrowser(java.lang.String)[pri:0, instance:com.automationexercise.TestScript.AddToCartTest@53b7f657]" started-at="2026-02-09T14:44:20 IST" name="SetupBrowser" finished-at="2026-02-09T14:44:26 IST" duration-ms="6196" status="PASS">
          <params>
            <param index="0">
              <value>
                <![CDATA[chrome]]>
              </value>
            </param>
          </params>
          <reporter-output>
          </reporter-output>
        </test-method> <!-- SetupBrowser -->
        <test-method signature="verifyAddToCartAndCheckoutFlow()[pri:0, instance:com.automationexercise.TestScript.AddToCartTest@53b7f657]" started-at="2026-02-09T14:44:26 IST" name="verifyAddToCartAndCheckoutFlow" description="Verify user can add product to cart and place order successfully" finished-at="2026-02-09T14:44:50 IST" duration-ms="24285" status="PASS">
          <reporter-output>
          </reporter-output>
        </test-method> <!-- verifyAddToCartAndCheckoutFlow -->
        <test-method is-config="true" signature="CloseBrowser()[pri:0, instance:com.automationexercise.TestScript.AddToCartTest@53b7f657]" started-at="2026-02-09T14:44:50 IST" name="CloseBrowser" finished-at="2026-02-09T14:44:50 IST" duration-ms="80" status="PASS">
          <reporter-output>
          </reporter-output>
        </test-method> <!-- CloseBrowser -->
      </class> <!-- com.automationexercise.TestScript.AddToCartTest -->
      <class name="com.automationexercise.TestScript.LoginPageTest">
        <test-method is-config="true" signature="SetupBrowser(java.lang.String)[pri:0, instance:com.automationexercise.TestScript.LoginPageTest@55c53a33]" started-at="2026-02-09T14:44:02 IST" name="SetupBrowser" finished-at="2026-02-09T14:44:12 IST" duration-ms="9314" status="PASS">
          <params>
            <param index="0">
              <value>
                <![CDATA[chrome]]>
              </value>
            </param>
          </params>
          <reporter-output>
          </reporter-output>
        </test-method> <!-- SetupBrowser -->
        <test-method signature="verifyUserLoginWithValidCredentials()[pri:0, instance:com.automationexercise.TestScript.LoginPageTest@55c53a33]" started-at="2026-02-09T14:44:12 IST" name="verifyUserLoginWithValidCredentials" description="Verify user can login with valid credentials" finished-at="2026-02-09T14:44:20 IST" duration-ms="7938" status="PASS">
          <reporter-output>
          </reporter-output>
        </test-method> <!-- verifyUserLoginWithValidCredentials -->
        <test-method is-config="true" signature="CloseBrowser()[pri:0, instance:com.automationexercise.TestScript.LoginPageTest@55c53a33]" started-at="2026-02-09T14:44:20 IST" name="CloseBrowser" finished-at="2026-02-09T14:44:20 IST" duration-ms="84" status="PASS">
          <reporter-output>
          </reporter-output>
        </test-method> <!-- CloseBrowser -->
      </class> <!-- com.automationexercise.TestScript.LoginPageTest -->
    </test> <!-- Regression Tests -->
  </suite> <!-- Regressiontestsuite -->
</testng-results>
