<?xml version="1.0" encoding="UTF-8"?>
<!-- Generated by org.testng.reporters.JUnitXMLReporter -->
<testsuite ignored="0" hostname="Mac.lan" failures="0" tests="2" name="Regression Tests" time="47.944" errors="0" timestamp="2026-02-09T14:44:50 IST">
  <testcase classname="com.automationexercise.TestScript.LoginPageTest" name="verifyUserLoginWithValidCredentials" time="7.938"/>
  <testcase classname="com.automationexercise.TestScript.AddToCartTest" name="verifyAddToCartAndCheckoutFlow" time="24.285"/>
</testsuite> <!-- Regression Tests -->
