<?xml version="1.0" encoding="UTF-8"?>
<testng-results ignored="0" total="2" passed="2" failed="0" skipped="0">
  <reporter-output>
  </reporter-output>
  <suite started-at="2026-02-09T14:45:48 IST" name="Regressiontestsuite" finished-at="2026-02-09T14:46:23 IST" duration-ms="35531">
    <groups>
    </groups>
    <test started-at="2026-02-09T14:45:48 IST" name="Regression Tests" finished-at="2026-02-09T14:46:23 IST" duration-ms="35531">
      <class name="com.automationexercise.TestScript.AddToCartTest">
        <test-method is-config="true" signature="SetupBrowser(java.lang.String)[pri:0, instance:com.automationexercise.TestScript.AddToCartTest@512baff6]" started-at="2026-02-09T14:46:01 IST" name="SetupBrowser" finished-at="2026-02-09T14:46:08 IST" duration-ms="6946" status="PASS">
          <params>
            <param index="0">
              <value>
                <![CDATA[chrome]]>
              </value>
            </param>
          </params>
          <reporter-output>
          </reporter-output>
        </test-method> <!-- SetupBrowser -->
        <test-method signature="verifyAddToCartAndCheckoutFlow()[pri:0, instance:com.automationexercise.TestScript.AddToCartTest@512baff6]" started-at="2026-02-09T14:46:08 IST" name="verifyAddToCartAndCheckoutFlow" description="Verify user can add product to cart and place order successfully" finished-at="2026-02-09T14:46:23 IST" duration-ms="15057" status="PASS">
          <reporter-output>
          </reporter-output>
        </test-method> <!-- verifyAddToCartAndCheckoutFlow -->
        <test-method is-config="true" signature="CloseBrowser()[pri:0, instance:com.automationexercise.TestScript.AddToCartTest@512baff6]" started-at="2026-02-09T14:46:23 IST" name="CloseBrowser" finished-at="2026-02-09T14:46:23 IST" duration-ms="80" status="PASS">
          <reporter-output>
          </reporter-output>
        </test-method> <!-- CloseBrowser -->
      </class> <!-- com.automationexercise.TestScript.AddToCartTest -->
      <class name="com.automationexercise.TestScript.LoginPageTest">
        <test-method is-config="true" signature="SetupBrowser(java.lang.String)[pri:0, instance:com.automationexercise.TestScript.LoginPageTest@70f02c32]" started-at="2026-02-09T14:45:48 IST" name="SetupBrowser" finished-at="2026-02-09T14:45:55 IST" duration-ms="7420" status="PASS">
          <params>
            <param index="0">
              <value>
                <![CDATA[chrome]]>
              </value>
            </param>
          </params>
          <reporter-output>
          </reporter-output>
        </test-method> <!-- SetupBrowser -->
        <test-method signature="verifyUserLoginWithValidCredentials()[pri:0, instance:com.automationexercise.TestScript.LoginPageTest@70f02c32]" started-at="2026-02-09T14:45:55 IST" name="verifyUserLoginWithValidCredentials" description="Verify user can login with valid credentials" finished-at="2026-02-09T14:46:01 IST" duration-ms="5902" status="PASS">
          <reporter-output>
          </reporter-output>
        </test-method> <!-- verifyUserLoginWithValidCredentials -->
        <test-method is-config="true" signature="CloseBrowser()[pri:0, instance:com.automationexercise.TestScript.LoginPageTest@70f02c32]" started-at="2026-02-09T14:46:01 IST" name="CloseBrowser" finished-at="2026-02-09T14:46:01 IST" duration-ms="81" status="PASS">
          <reporter-output>
          </reporter-output>
        </test-method> <!-- CloseBrowser -->
      </class> <!-- com.automationexercise.TestScript.LoginPageTest -->
    </test> <!-- Regression Tests -->
  </suite> <!-- Regressiontestsuite -->
</testng-results>
