<?xml version="1.0" encoding="UTF-8"?>
<!-- Generated by org.testng.reporters.JUnitXMLReporter -->
<testsuite ignored="0" hostname="Mac.lan" failures="0" tests="2" name="Regression Tests" time="35.531" errors="0" timestamp="2026-02-09T14:46:23 IST">
  <testcase classname="com.automationexercise.TestScript.LoginPageTest" name="verifyUserLoginWithValidCredentials" time="5.902"/>
  <testcase classname="com.automationexercise.TestScript.AddToCartTest" name="verifyAddToCartAndCheckoutFlow" time="15.057"/>
</testsuite> <!-- Regression Tests -->
